SF:lib\services\auth.dart
DA:12,2
DA:16,1
DA:17,2
DA:20,2
DA:21,4
DA:25,2
DA:27,4
DA:28,6
DA:29,2
DA:30,2
DA:32,4
DA:34,1
DA:35,4
DA:41,2
DA:44,4
DA:45,6
DA:46,2
DA:47,2
DA:49,4
DA:51,1
DA:52,4
DA:58,1
DA:60,2
DA:61,3
DA:62,2
DA:65,0
DA:71,2
DA:73,2
DA:74,6
DA:75,4
DA:76,8
DA:77,8
DA:78,4
DA:81,0
LF:34
LH:32
end_of_record
SF:lib\services\db.dart
DA:10,2
DA:12,2
DA:13,6
DA:15,4
DA:16,4
DA:20,4
DA:23,0
DA:28,1
DA:29,2
DA:33,1
DA:34,3
DA:38,1
DA:40,2
DA:41,6
DA:42,2
DA:44,2
DA:47,3
DA:52,1
DA:54,2
DA:55,6
DA:56,2
DA:58,2
DA:61,3
DA:66,1
DA:68,2
DA:69,5
DA:70,2
DA:73,3
DA:78,1
DA:80,2
DA:81,5
DA:82,2
DA:85,0
DA:90,2
DA:92,4
DA:93,12
DA:94,4
DA:97,3
DA:102,1
DA:105,2
DA:106,2
DA:107,1
DA:108,1
DA:109,1
DA:110,4
DA:111,2
DA:112,1
DA:113,1
DA:114,1
DA:115,4
DA:117,6
DA:118,1
DA:119,1
DA:121,2
DA:122,1
DA:123,1
DA:124,1
DA:125,1
DA:126,2
DA:129,0
DA:134,1
DA:136,5
DA:137,3
DA:138,2
DA:144,1
DA:145,2
DA:146,5
DA:148,1
DA:150,1
LF:69
LH:66
end_of_record
SF:lib\shared\logging.dart
DA:4,12
DA:9,2
DA:10,2
DA:12,6
DA:13,6
DA:14,2
DA:16,8
LF:7
LH:7
end_of_record
SF:lib\shared\loading.dart
DA:8,2
DA:10,2
DA:12,2
LF:3
LH:3
end_of_record
SF:lib\screens\authenticate\change_password.dart
DA:15,1
DA:17,1
DA:18,1
DA:41,1
DA:43,1
DA:44,2
DA:45,2
DA:49,1
DA:54,1
DA:57,0
DA:58,0
DA:62,1
DA:67,1
DA:68,1
DA:70,1
DA:71,1
DA:72,2
DA:74,1
DA:76,1
DA:78,1
DA:79,1
DA:83,1
DA:85,1
DA:86,2
DA:87,1
DA:89,1
DA:90,3
DA:94,1
DA:99,1
DA:101,1
DA:102,2
DA:103,2
DA:107,1
DA:108,3
DA:112,1
DA:114,1
DA:116,3
DA:117,2
DA:118,1
DA:119,1
DA:120,1
DA:123,4
DA:124,3
DA:126,1
DA:127,0
DA:128,0
DA:132,1
DA:135,2
DA:136,1
DA:144,1
DA:145,1
DA:149,1
DA:150,1
DA:157,1
DA:158,0
DA:159,1
DA:160,1
DA:163,1
LF:58
LH:53
end_of_record
SF:lib\screens\authenticate\change_username.dart
DA:18,1
DA:19,1
DA:20,1
DA:37,1
DA:39,2
DA:40,1
DA:41,6
DA:42,1
DA:43,5
DA:44,1
DA:48,1
DA:49,1
DA:52,1
DA:53,1
DA:57,1
DA:63,1
DA:64,0
DA:65,1
DA:66,1
DA:69,1
DA:72,1
DA:73,1
DA:74,2
DA:76,1
DA:82,1
DA:83,2
DA:85,1
DA:87,2
DA:93,1
DA:94,3
DA:98,1
DA:100,1
DA:102,3
DA:103,2
DA:104,1
DA:108,5
DA:110,4
DA:111,2
DA:113,1
DA:114,0
DA:115,0
DA:119,1
DA:123,2
DA:124,1
DA:132,1
DA:133,1
DA:137,1
DA:138,1
LF:48
LH:45
end_of_record
SF:lib\screens\authenticate\register.dart
DA:19,1
DA:20,1
DA:21,1
DA:37,1
DA:39,1
DA:40,2
DA:41,2
DA:45,1
DA:46,1
DA:47,1
DA:48,1
DA:49,1
DA:58,1
DA:61,1
DA:62,1
DA:63,1
DA:64,1
DA:66,1
DA:72,1
DA:73,2
DA:77,1
DA:78,3
DA:82,1
DA:87,1
DA:88,1
DA:90,1
DA:91,3
DA:95,1
DA:97,1
DA:99,1
DA:100,1
DA:104,1
DA:106,1
DA:107,2
DA:111,1
DA:112,3
DA:116,1
DA:118,1
DA:120,3
DA:121,3
DA:123,4
DA:124,1
DA:125,1
DA:126,1
DA:127,2
DA:128,1
DA:129,0
DA:130,0
DA:131,0
DA:135,4
DA:136,5
DA:137,1
DA:139,0
DA:140,0
DA:141,0
DA:142,0
DA:151,1
DA:152,1
DA:153,0
DA:154,0
DA:160,1
DA:161,1
LF:62
LH:53
end_of_record
SF:lib\screens\authenticate\sign_in.dart
DA:15,1
DA:16,1
DA:18,1
DA:19,1
DA:34,1
DA:36,1
DA:37,2
DA:38,2
DA:42,1
DA:43,1
DA:44,1
DA:45,1
DA:46,1
DA:55,1
DA:58,1
DA:59,1
DA:60,1
DA:61,1
DA:63,1
DA:67,1
DA:68,1
DA:70,1
DA:71,3
DA:75,1
DA:77,1
DA:78,1
DA:80,1
DA:81,1
DA:85,1
DA:86,2
DA:90,1
DA:91,3
DA:95,1
DA:102,1
DA:103,3
DA:104,2
DA:105,1
DA:108,4
DA:109,3
DA:110,1
DA:111,0
DA:112,0
DA:113,0
DA:119,1
DA:120,1
DA:121,0
DA:122,0
DA:128,1
DA:129,1
LF:49
LH:44
end_of_record
